<?xml version="1.0" encoding="UTF-8"?>
<!-- Generated by org.testng.reporters.JUnitReportReporter -->
<testsuite skipped="0" hostname="IT364925" name="Log4jPAckage.Log4jTest" tests="1" failures="0" timestamp="04 Sep 2018 21:55:38 GMT" time="0.015" errors="0">
  <testcase name="mainlog" time="0.015" classname="Log4jPAckage.Log4jTest"/>
</testsuite> <!-- Log4jPAckage.Log4jTest -->
