<?xml version="1.0" encoding="UTF-8"?>
<!-- Generated by org.testng.reporters.JUnitReportReporter -->
<testsuite skipped="0" hostname="IT364925" name="com.RestAssured.practice.RestAssuredOne" tests="1" failures="0" timestamp="12 Sep 2018 03:08:41 GMT" time="3.034" errors="0">
  <testcase name="testerMethod" time="3.034" classname="com.RestAssured.practice.RestAssuredOne"/>
</testsuite> <!-- com.RestAssured.practice.RestAssuredOne -->
